<?xml version="1.0" encoding="UTF-8"?>
<testsuite xmlns:xsi="http://www.w3.org/2001/XMLSchema-instance" xsi:noNamespaceSchemaLocation="https://maven.apache.org/surefire/maven-surefire-plugin/xsd/surefire-test-report.xsd" name="es.ull.flights.FlightTest" time="0.354" tests="8" errors="0" skipped="0" failures="0">
  <properties>
[...]
</properties>
  <testcase name="testAddPassengerExceedsSeats" classname="es.ull.flights.FlightTest" time="0.045"/>
  <testcase name="testAddPassenger" classname="es.ull.flights.FlightTest" time="0"/>
  <testcase name="testMixedScenario" classname="es.ull.flights.FlightTest" time="0"/>
  <testcase name="testRemovePassenger" classname="es.ull.flights.FlightTest" time="0"/>
  <testcase name="testInvalidFlightNumber" classname="es.ull.flights.FlightTest" time="0.001"/>
  <testcase name="testValidFlightNumber" classname="es.ull.flights.FlightTest" time="0"/>
  <testcase name="joinFlight_AddPassengerFails" classname="es.ull.flights.FlightTest" time="0.003"/>
  <testcase name="joinFlight_RemovePassengerFails" classname="es.ull.flights.FlightTest" time="0.002"/>
</testsuite>