<?xml version="1.0" encoding="UTF-8"?>
<testsuite xmlns:xsi="http://www.w3.org/2001/XMLSchema-instance" xsi:noNamespaceSchemaLocation="https://maven.apache.org/surefire/maven-surefire-plugin/xsd/surefire-test-report.xsd" name="es.ull.flights.FlightTest" time="0.103" tests="6" errors="6" skipped="0" failures="0">
  <properties>
[...]
</properties>
  <testcase name="testGetNumberOfPassengers" classname="es.ull.flights.FlightTest" time="0.074">
    <error message="Invalid country code" type="java.lang.RuntimeException">java.lang.RuntimeException: Invalid country code
	at es.ull.flights.FlightTest.setUp(FlightTest.java:20)
</error>
  </testcase>
  <testcase name="testGetFlightNumber" classname="es.ull.flights.FlightTest" time="0">
    <error message="Invalid country code" type="java.lang.RuntimeException">java.lang.RuntimeException: Invalid country code
	at es.ull.flights.FlightTest.setUp(FlightTest.java:20)
</error>
  </testcase>
  <testcase name="testAddPassengerExceedingSeats" classname="es.ull.flights.FlightTest" time="0.002">
    <error message="Invalid country code" type="java.lang.RuntimeException">java.lang.RuntimeException: Invalid country code
	at es.ull.flights.FlightTest.setUp(FlightTest.java:20)
</error>
  </testcase>
  <testcase name="testAddPassenger" classname="es.ull.flights.FlightTest" time="0.002">
    <error message="Invalid country code" type="java.lang.RuntimeException">java.lang.RuntimeException: Invalid country code
	at es.ull.flights.FlightTest.setUp(FlightTest.java:20)
</error>
  </testcase>
  <testcase name="testRemovePassenger" classname="es.ull.flights.FlightTest" time="0.002">
    <error message="Invalid country code" type="java.lang.RuntimeException">java.lang.RuntimeException: Invalid country code
	at es.ull.flights.FlightTest.setUp(FlightTest.java:20)
</error>
  </testcase>
  <testcase name="testInvalidFlightNumber" classname="es.ull.flights.FlightTest" time="0.001">
    <error message="Invalid country code" type="java.lang.RuntimeException">java.lang.RuntimeException: Invalid country code
	at es.ull.flights.FlightTest.setUp(FlightTest.java:20)
</error>
  </testcase>
</testsuite>